<?xml version="1.0" encoding="UTF-8"?>
<!-- Generated by org.testng.reporters.JUnitReportReporter -->
<testsuite hostname="mgiorda" name="com.any.tests.StubTest" tests="1" failures="0" timestamp="3 Jun 2014 16:56:36 GMT" time="12.221" errors="0">
  <testcase name="test" time="12.221" classname="com.any.tests.StubTest"/>
</testsuite> <!-- com.any.tests.StubTest -->
