<?xml version="1.0" encoding="UTF-8"?>
<!-- Generated by org.testng.reporters.JUnitReportReporter -->
<testsuite hostname="mgiorda" name="com.any.tests.StubTest" tests="1" failures="0" timestamp="2 Jun 2014 14:37:32 GMT" time="8.568" errors="0">
  <testcase name="test" time="8.568" classname="com.any.tests.StubTest"/>
</testsuite> <!-- com.any.tests.StubTest -->
