<?xml version="1.0" encoding="UTF-8"?>
<!-- Generated by org.testng.reporters.JUnitReportReporter -->
<testsuite hostname="Mauro-PC" name="com.any.tests.StubTest" tests="5" failures="0" timestamp="3 Jun 2014 18:07:47 GMT" time="78.806" errors="0">
  <testcase name="test" time="18.966" classname="com.any.tests.StubTest"/>
  <testcase name="test" time="13.686" classname="com.any.tests.StubTest"/>
  <testcase name="test" time="10.461" classname="com.any.tests.StubTest"/>
  <testcase name="test" time="20.651" classname="com.any.tests.StubTest"/>
  <testcase name="test" time="15.042" classname="com.any.tests.StubTest"/>
</testsuite> <!-- com.any.tests.StubTest -->
