<?xml version="1.0" encoding="UTF-8"?>
<!-- Generated by org.testng.reporters.JUnitReportReporter -->
<testsuite hostname="mgiorda" name="com.any.tests.StubTest" tests="3" failures="0" timestamp="11 Jun 2014 20:55:00 GMT" time="27.608" errors="0">
  <testcase name="test" time="10.097" classname="com.any.tests.StubTest"/>
  <testcase name="test" time="9.149" classname="com.any.tests.StubTest"/>
  <testcase name="test" time="8.362" classname="com.any.tests.StubTest"/>
</testsuite> <!-- com.any.tests.StubTest -->
