<?xml version="1.0" encoding="UTF-8"?>
<!-- Generated by org.testng.reporters.JUnitReportReporter -->
<testsuite hostname="mgiorda" name="com.any.tests.StubTest" tests="1" failures="0" timestamp="3 Jun 2014 16:24:24 GMT" time="14.089" errors="0">
  <testcase name="test" time="14.089" classname="com.any.tests.StubTest"/>
</testsuite> <!-- com.any.tests.StubTest -->
